20250226/090535: { "action" : "LogStarted", "date" : "20250226", "time" : "090535" } ;
20250226/090536: { "action" : "ClientVersion", "application" : "1.7.6938.1", "path" : "G:\GitLab Repo\EDLauncher\Src\Apollo\bin\Debug\EDLaunch.exe", "modification" : "26/02/2025 09:04:28", "date" : "20250226", "time" : "090536" } ;
20250226/095529: { "action" : "LogStarted", "date" : "20250226", "time" : "095529" } ;
20250226/095530: { "action" : "ClientVersion", "application" : "1.7.6938.1", "path" : "G:\GitLab Repo\EDLauncher\Src\Apollo\bin\Debug\EDLaunch.exe", "modification" : "26/02/2025 09:55:23", "date" : "20250226", "time" : "095530" } ;
20250226/095548: { "action" : "AuthenticationRejected", "user" : "ntuvey@frontier.co.uk", "date" : "20250226", "time" : "095548" } ;
20250226/095548: { "action" : "LoginSubmitted", "Authorised" : "False", "date" : "20250226", "time" : "095548" } ;
20250226/095548: { "action" : "PreLoginLog", "User error during login" : "Username or password incorrect.", "date" : "20250226", "time" : "095548" } ;
20250226/095559: { "action" : "TwoFactorAuthenticationRequested", "user" : "ntuvey@frontier.co.uk", "date" : "20250226", "time" : "095559" } ;
20250226/095559: { "action" : "LoginSubmitted", "Authorised" : "False", "date" : "20250226", "time" : "095559" } ;
20250226/095617: { "action" : "Authenticated", "user" : "ntuvey@frontier.co.uk", "date" : "20250226", "time" : "095617" } ;
20250226/095617: { "action" : "CollectHardwareSurvey", "date" : "20250226", "time" : "095617" } ;
20250226/095618: { "action" : "Validate Email Code Submitted", "Registered Name" : "Nicholas Tuvey", "Email" : "ntuvey@frontier.co.uk", "Authorised" : "True", "date" : "20250226", "time" : "095618" } ;
20250226/095619: { "action" : "AvailableProjects", "user" : "ntuvey@frontier.co.uk", "projects" : "[FORC-FDEV-D-1010, FORC-FDEV-D-1012, FORC-FDEV-D-1013, COMBAT_TUTORIAL_DEMO, FORC-FDEV-DO-1000, FORC-FDEV-DO-38-IN-40]", "date" : "20250226", "time" : "095619" } ;
20250226/095826: { "action" : "ProductScrollEventVisible", "product" : "FORC-FDEV-DO-1000", "hero_image" : "0.62", "galnet" : "0.727345177234008", "date" : "20250226", "time" : "095826" } ;
20250226/095833: { "action" : "ProductScrollEventVisible", "product" : "FORC-FDEV-DO-1000", "date" : "20250226", "time" : "095833" } ;
20250226/095836: { "action" : "ProductScrollEventVisible", "product" : "FORC-FDEV-DO-1000", "galnet" : "0.639392008599817", "community_goals" : "0.414568492255619", "date" : "20250226", "time" : "095836" } ;
20250226/162202: { "action" : "LogStarted", "date" : "20250226", "time" : "162202" } ;
20250226/162202: { "action" : "ClientVersion", "application" : "1.7.6938.1", "path" : "G:\GitLab Repo\EDLauncher\Src\Apollo\bin\Debug\EDLaunch.exe", "modification" : "26/02/2025 16:21:56", "date" : "20250226", "time" : "162202" } ;
20250226/162219: { "action" : "Authenticated", "user" : "ntuvey@frontier.co.uk", "date" : "20250226", "time" : "162219" } ;
20250226/162219: { "action" : "LoginSubmitted", "Authorised" : "True", "date" : "20250226", "time" : "162219" } ;
20250226/162220: { "action" : "AvailableProjects", "user" : "ntuvey@frontier.co.uk", "projects" : "[FORC-FDEV-D-1010, FORC-FDEV-D-1012, FORC-FDEV-D-1013, COMBAT_TUTORIAL_DEMO, FORC-FDEV-DO-1000, FORC-FDEV-DO-38-IN-40]", "date" : "20250226", "time" : "162220" } ;
